INFO: checking out_of_order...
INFO:     out_of_order check complete (0.005787 sec).
INFO: checking system...
INFO:     system check complete (0.000342 sec).
INFO: checking solvers...
INFO:     solvers check complete (0.000776 sec).
INFO: checking dup_inputs...
INFO:     dup_inputs check complete (0.000304 sec).
INFO: checking missing_recorders...
INFO:     missing_recorders check complete (0.000160 sec).
INFO: checking unserializable_options...
INFO:     unserializable_options check complete (0.000697 sec).
INFO: checking comp_has_no_outputs...
INFO:     comp_has_no_outputs check complete (0.000268 sec).
INFO: checking auto_ivc_warnings...
INFO:     auto_ivc_warnings check complete (0.000187 sec).
INFO: checking out_of_order...
INFO:     out_of_order check complete (0.000286 sec).
INFO: checking system...
INFO:     system check complete (0.000020 sec).
INFO: checking solvers...
INFO:     solvers check complete (0.000205 sec).
INFO: checking dup_inputs...
INFO:     dup_inputs check complete (0.000064 sec).
INFO: checking missing_recorders...
INFO:     missing_recorders check complete (0.000007 sec).
INFO: checking unserializable_options...
INFO:     unserializable_options check complete (0.000543 sec).
INFO: checking comp_has_no_outputs...
INFO:     comp_has_no_outputs check complete (0.000063 sec).
INFO: checking auto_ivc_warnings...
INFO:     auto_ivc_warnings check complete (0.000009 sec).
